<?xml version="1.0" encoding="UTF-8"?>
<!-- Generated by org.testng.reporters.JUnitXMLReporter -->
<testsuite hostname="NEWNODE64" ignored="0" name="Default test" tests="3" failures="0" timestamp="26 Jul 2018 12:58:58 GMT" time="0.028" errors="0">
  <testcase name="testOne" time="0.007" classname="com.qa.testng.practice2.Grouping"/>
  <testcase name="testThree" time="0.001" classname="com.qa.testng.practice2.Grouping"/>
  <testcase name="testTwo" time="0.001" classname="com.qa.testng.practice2.Grouping"/>
</testsuite> <!-- Default test -->
