<?xml version="1.0" encoding="UTF-8"?>
<!-- Generated by org.testng.reporters.JUnitXMLReporter -->
<testsuite hostname="NEWNODE64" ignored="2" name="FreeCRM" tests="1" failures="0" timestamp="10 Aug 2018 09:00:11 GMT" time="0.024" errors="0">
  <testcase name="testTwo" time="0.006" classname="com.qa.testng.practice2.MethodsTest"/>
  <testcase name="testThree" time="0.0" classname="com.qa.testng.practice2.MethodsTest">
    <ignored/>
  </testcase> <!-- testThree -->
  <testcase name="testOne" time="0.0" classname="com.qa.testng.practice2.MethodsTest">
    <ignored/>
  </testcase> <!-- testOne -->
</testsuite> <!-- FreeCRM -->
