<?xml version="1.0" encoding="UTF-8"?>
<!-- Generated by org.testng.reporters.JUnitXMLReporter -->
<testsuite hostname="NEWNODE64" ignored="2" name="Grouping" tests="1" failures="0" timestamp="25 Jul 2018 10:23:49 GMT" time="0.02" errors="0">
  <testcase name="testTwo" time="0.005" classname="com.qa.testng.practice2.Grouping"/>
  <testcase name="testThree" time="0.0" classname="com.qa.testng.practice2.Grouping">
    <ignored/>
  </testcase> <!-- testThree -->
  <testcase name="testOne" time="0.0" classname="com.qa.testng.practice2.Grouping">
    <ignored/>
  </testcase> <!-- testOne -->
</testsuite> <!-- Grouping -->
