<?xml version="1.0" encoding="UTF-8"?>
<!-- Generated by org.testng.reporters.JUnitXMLReporter -->
<testsuite hostname="NEWNODE64" ignored="0" name="ParallelExecutionOfMethods" tests="2" failures="0" timestamp="26 Jul 2018 08:24:49 GMT" time="0.025" errors="0">
  <testcase name="testOne" time="0.003" classname="com.qa.testng.practice2.ParallelExecutionOfMethods"/>
  <testcase name="testTwo" time="0.004" classname="com.qa.testng.practice2.ParallelExecutionOfMethods"/>
</testsuite> <!-- ParallelExecutionOfMethods -->
