<?xml version="1.0" encoding="UTF-8"?>
<!-- Generated by org.testng.reporters.JUnitXMLReporter -->
<testsuite hostname="NEWNODE64" ignored="0" name="ParameterizationInTestNG" tests="2" failures="0" timestamp="26 Jul 2018 07:30:49 GMT" time="35.768" errors="0">
  <testcase name="function" time="19.985" classname="com.qa.testng.practice2.ParameterizationInTestNG"/>
  <testcase name="function" time="15.767" classname="com.qa.testng.practice2.ParameterizationInTestNG"/>
</testsuite> <!-- ParameterizationInTestNG -->
