<?xml version="1.0" encoding="UTF-8"?>
<!-- Generated by org.testng.reporters.JUnitXMLReporter -->
<testsuite hostname="NEWNODE64" ignored="0" name="ParallelExecutionOfMethods" tests="2" failures="0" timestamp="01 Aug 2018 11:31:39 GMT" time="0.086" errors="0">
  <testcase name="testOne" time="0.006" classname="com.qa.testng.practice2.ParallelExecutionOfMethods"/>
  <testcase name="testTwo" time="0.008" classname="com.qa.testng.practice2.ParallelExecutionOfMethods"/>
</testsuite> <!-- ParallelExecutionOfMethods -->
