<?xml version="1.0" encoding="UTF-8"?>
<!-- Generated by org.testng.reporters.JUnitXMLReporter -->
<testsuite hostname="NEWNODE64" ignored="0" name="SanityGrouping" tests="3" failures="0" timestamp="25 Jul 2018 10:26:58 GMT" time="0.025" errors="0">
  <testcase name="testOne" time="0.007" classname="com.qa.testng.practice2.Grouping"/>
  <testcase name="testThree" time="0.001" classname="com.qa.testng.practice2.Grouping"/>
  <testcase name="testTwo" time="0.0" classname="com.qa.testng.practice2.Grouping"/>
</testsuite> <!-- SanityGrouping -->
