<?xml version="1.0" encoding="UTF-8"?>
<!-- Generated by org.testng.reporters.JUnitXMLReporter -->
<testsuite hostname="NEWNODE64" ignored="2" name="Test" tests="6" failures="2" timestamp="16 Jul 2018 13:31:35 GMT" time="0.065" errors="0">
  <testcase name="functionality1Test1" time="0.008" classname="com.qa.reports.practice.multipleclasses.Functionality1"/>
  <testcase name="functionality1Test2" time="0.001" classname="com.qa.reports.practice.multipleclasses.Functionality1">
    <failure type="java.lang.AssertionError" message="expected [Dommata] but found [Naveen]">
      <![CDATA[java.lang.AssertionError: expected [Dommata] but found [Naveen]
at com.qa.reports.practice.multipleclasses.Functionality1.functionality1Test2(Functionality1.java:23)
... Removed 31 stack frames]]>
    </failure>
  </testcase> <!-- functionality1Test2 -->
  <testcase name="functionality1Test3" time="0.002" classname="com.qa.reports.practice.multipleclasses.Functionality1"/>
  <testcase name="functionality2Test1" time="0.001" classname="com.qa.reports.practice.multipleclasses.Functionality2"/>
  <testcase name="functionality2Test2" time="0.001" classname="com.qa.reports.practice.multipleclasses.Functionality2">
    <failure type="java.lang.AssertionError" message="expected [Dommata] but found [Naveen]">
      <![CDATA[java.lang.AssertionError: expected [Dommata] but found [Naveen]
at com.qa.reports.practice.multipleclasses.Functionality2.functionality2Test2(Functionality2.java:21)
... Removed 31 stack frames]]>
    </failure>
  </testcase> <!-- functionality2Test2 -->
  <testcase name="functionality2Test3" time="0.0" classname="com.qa.reports.practice.multipleclasses.Functionality2"/>
  <testcase name="@AfterSuite tearDown" time="0.0" classname="com.qa.reports.practice.multipleclasses.BaseTest">
    <ignored/>
  </testcase> <!-- @AfterSuite tearDown -->
  <testcase name="@BeforeSuite setUp" time="0.0" classname="com.qa.reports.practice.multipleclasses.BaseTest">
    <ignored/>
  </testcase> <!-- @BeforeSuite setUp -->
</testsuite> <!-- Test -->
