<?xml version="1.0" encoding="UTF-8"?>
<testng-results skipped="0" failed="0" ignored="0" total="1" passed="1">
  <reporter-output>
  </reporter-output>
  <suite name="Default suite" duration-ms="24623" started-at="2018-07-02T07:53:41Z" finished-at="2018-07-02T07:54:06Z">
    <groups>
    </groups>
    <test name="Default test" duration-ms="24623" started-at="2018-07-02T07:53:41Z" finished-at="2018-07-02T07:54:06Z">
      <class name="com.crm.qa.tests.CombinedFormTest">
        <test-method status="PASS" signature="setUp()[pri:0, instance:com.crm.qa.tests.CombinedFormTest@462d5aee]" name="setUp" is-config="true" duration-ms="15938" started-at="2018-07-02T07:53:41Z" finished-at="2018-07-02T07:53:57Z">
          <reporter-output>
          </reporter-output>
        </test-method> <!-- setUp -->
        <test-method status="PASS" signature="feedbackFormPageTest()[pri:0, instance:com.crm.qa.tests.CombinedFormTest@462d5aee]" name="feedbackFormPageTest" duration-ms="8669" started-at="2018-07-02T07:53:57Z" finished-at="2018-07-02T07:54:06Z">
          <reporter-output>
          </reporter-output>
        </test-method> <!-- feedbackFormPageTest -->
      </class> <!-- com.crm.qa.tests.CombinedFormTest -->
    </test> <!-- Default test -->
  </suite> <!-- Default suite -->
</testng-results>
