<?xml version="1.0" encoding="UTF-8"?>
<testng-results skipped="0" failed="0" ignored="0" total="1" passed="1">
  <reporter-output>
  </reporter-output>
  <suite name="Default suite" duration-ms="14164" started-at="2018-07-19T07:22:02Z" finished-at="2018-07-19T07:22:16Z">
    <groups>
    </groups>
    <test name="Default test" duration-ms="14164" started-at="2018-07-19T07:22:02Z" finished-at="2018-07-19T07:22:16Z">
      <class name="com.qa.selenium.samples.HandlingKeyboard">
        <test-method status="PASS" signature="JavaSearch()[pri:0, instance:com.qa.selenium.samples.HandlingKeyboard@4d3167f4]" name="JavaSearch" duration-ms="14149" started-at="2018-07-19T07:22:02Z" finished-at="2018-07-19T07:22:16Z">
          <reporter-output>
          </reporter-output>
        </test-method> <!-- JavaSearch -->
      </class> <!-- com.qa.selenium.samples.HandlingKeyboard -->
    </test> <!-- Default test -->
  </suite> <!-- Default suite -->
</testng-results>
